Сборка начата 05.04.2014 3:53:28.
     1>Проект "C:\Users\Алексей\Documents\Visual Studio 2013\Projects\birdyflap\birdyflap\birdyflap.vcxproj" в узле 2 (целевые объекты Build).
     1>Link:
         C:\Program Files (x86)\Microsoft Visual Studio 12.0\VC\bin\link.exe /ERRORREPORT:PROMPT /OUT:"C:\Users\Алексей\Documents\Visual Studio 2013\Projects\birdyflap\Release\birdyflap.exe" /INCREMENTAL:NO /NOLOGO /LIBPATH:"C:\Program Files\SFML\lib" "sfml-graphics.lib" "sfml-window.lib" "sfml-system.lib" kernel32.lib user32.lib gdi32.lib winspool.lib comdlg32.lib advapi32.lib shell32.lib ole32.lib oleaut32.lib uuid.lib odbc32.lib odbccp32.lib kernel32.lib user32.lib gdi32.lib winspool.lib comdlg32.lib advapi32.lib shell32.lib ole32.lib oleaut32.lib uuid.lib odbc32.lib odbccp32.lib /MANIFEST /MANIFESTUAC:"level='asInvoker' uiAccess='false'" /manifest:embed /DEBUG /PDB:"C:\Users\Алексей\Documents\Visual Studio 2013\Projects\birdyflap\Release\birdyflap.pdb" /SUBSYSTEM:CONSOLE /OPT:REF /OPT:ICF /LTCG /TLBID:1 /DYNAMICBASE /NXCOMPAT /IMPLIB:"C:\Users\Алексей\Documents\Visual Studio 2013\Projects\birdyflap\Release\birdyflap.lib" /MACHINE:X86 /SAFESEH Release\birdyflap.obj
         Release\stdafx.obj
     1>birdyflap.obj : error LNK2001: неразрешенный внешний символ ""public: __thiscall sf::RenderWindow::RenderWindow(class sf::VideoMode,class sf::String const &,unsigned int,struct sf::ContextSettings const &)" (??0RenderWindow@sf@@QAE@VVideoMode@1@ABVString@1@IABUContextSettings@1@@Z)"
     1>birdyflap.obj : error LNK2001: неразрешенный внешний символ ""public: __thiscall sf::String::String(char const *,class std::locale const &)" (??0String@sf@@QAE@PBDABVlocale@std@@@Z)"
     1>birdyflap.obj : error LNK2001: неразрешенный внешний символ ""public: __thiscall sf::VideoMode::VideoMode(unsigned int,unsigned int,unsigned int)" (??0VideoMode@sf@@QAE@III@Z)"
     1>birdyflap.obj : error LNK2001: неразрешенный внешний символ ""public: virtual __thiscall sf::RenderWindow::~RenderWindow(void)" (??1RenderWindow@sf@@UAE@XZ)"
     1>birdyflap.obj : error LNK2001: неразрешенный внешний символ ""public: __thiscall sf::CircleShape::CircleShape(float,unsigned int)" (??0CircleShape@sf@@QAE@MI@Z)"
     1>birdyflap.obj : error LNK2001: неразрешенный внешний символ ""public: void __thiscall sf::Shape::setFillColor(class sf::Color const &)" (?setFillColor@Shape@sf@@QAEXABVColor@2@@Z)"
     1>birdyflap.obj : error LNK2001: неразрешенный внешний символ ""public: __thiscall sf::Color::Color(unsigned char,unsigned char,unsigned char,unsigned char)" (??0Color@sf@@QAE@EEEE@Z)"
     1>birdyflap.obj : error LNK2001: неразрешенный внешний символ ""public: bool __thiscall sf::Window::isOpen(void)const " (?isOpen@Window@sf@@QBE_NXZ)"
     1>birdyflap.obj : error LNK2001: неразрешенный внешний символ ""public: bool __thiscall sf::Window::pollEvent(class sf::Event &)" (?pollEvent@Window@sf@@QAE_NAAVEvent@2@@Z)"
     1>birdyflap.obj : error LNK2001: неразрешенный внешний символ ""public: void __thiscall sf::Window::close(void)" (?close@Window@sf@@QAEXXZ)"
     1>birdyflap.obj : error LNK2001: неразрешенный внешний символ ""public: void __thiscall sf::RenderTarget::clear(class sf::Color const &)" (?clear@RenderTarget@sf@@QAEXABVColor@2@@Z)"
     1>birdyflap.obj : error LNK2001: неразрешенный внешний символ ""public: void __thiscall sf::RenderTarget::draw(class sf::Drawable const &,class sf::RenderStates const &)" (?draw@RenderTarget@sf@@QAEXABVDrawable@2@ABVRenderStates@2@@Z)"
     1>birdyflap.obj : error LNK2001: неразрешенный внешний символ ""public: __thiscall sf::RenderStates::RenderStates(void)" (??0RenderStates@sf@@QAE@XZ)"
     1>birdyflap.obj : error LNK2001: неразрешенный внешний символ ""public: void __thiscall sf::Window::display(void)" (?display@Window@sf@@QAEXXZ)"
     1>birdyflap.obj : error LNK2001: неразрешенный внешний символ ""public: virtual __thiscall sf::Shape::~Shape(void)" (??1Shape@sf@@UAE@XZ)"
     1>C:\Users\Алексей\Documents\Visual Studio 2013\Projects\birdyflap\Release\birdyflap.exe : fatal error LNK1120: неразрешенных внешних элементов: 15
     1>Сборка проекта "C:\Users\Алексей\Documents\Visual Studio 2013\Projects\birdyflap\birdyflap\birdyflap.vcxproj" завершена (целевые объекты Build) с ошибкой.

Ошибка сборки.

Затраченное время: 00:00:00.15
